<?xml version="1.0" encoding="UTF-8" ?>
<testsuite tests="8" failures="3" name="testRunner.TestRun" time="189.331" errors="0" skipped="0">
  <properties>
[...]
</properties>
  <testcase classname="Customers" name="Add a new Customer" time="37.702"/>
  <testcase classname="Customers" name="Search Customer by EmailID" time="23.212"/>
  <testcase classname="Customers" name="Search Customer by Name" time="23.748"/>
  <testcase classname="Login" name="Successful Login with Valid Credentials" time="16.958"/>
  <testcase classname="Login" name="Login Data Driven #1" time="16.948"/>
  <testcase classname="Login" name="Login Data Driven #2" time="24.249">
    <failure type="java.lang.AssertionError">java.lang.AssertionError
	at org.junit.Assert.fail(Assert.java:87)
	at org.junit.Assert.assertTrue(Assert.java:42)
	at org.junit.Assert.assertTrue(Assert.java:53)
	at stepdefinitions.Steps.page_title_should_be(Steps.java:97)
	at ✽.Page Title should be &quot;Dashboard / nopCommerce administration&quot;(file:///D:/core%20java/SeleniumCucumberProject1/./Features/Login.feature:20)
</failure>
    <system-out>
@regression
Scenario Outline: Login Data Driven                                         # Features/Login.feature:28
 INFO [main] (Steps.java:60)- *******Launching browser*******
  Given User Launch Chrome Browser                                          # stepdefinitions.Steps.user_launch_chrome_browser()
 INFO [main] (Steps.java:73)- *******Opening URL*******
  When User opens URL &quot;https://admin-demo.nopcommerce.com/login&quot;            # stepdefinitions.Steps.user_opens_url(java.lang.String)
 INFO [main] (Steps.java:80)- *******Providing Login details*******
  And User enters Email as &quot;admin@yourstore.com&quot; and Password as &quot;admin123&quot; # stepdefinitions.Steps.user_enters_email_as_and_password_as(java.lang.String,java.lang.String)
 INFO [main] (Steps.java:87)- *******Started login*******
  And Click on login                                                        # stepdefinitions.Steps.click_on_login()
 INFO [main] (Steps.java:96)- *******Login Failed*******
  Then Page Title should be &quot;Dashboard / nopCommerce administration&quot;        # stepdefinitions.Steps.page_title_should_be(java.lang.String)
      java.lang.AssertionError
	at org.junit.Assert.fail(Assert.java:87)
	at org.junit.Assert.assertTrue(Assert.java:42)
	at org.junit.Assert.assertTrue(Assert.java:53)
	at stepdefinitions.Steps.page_title_should_be(Steps.java:97)
	at âœ½.Page Title should be &quot;Dashboard / nopCommerce administration&quot;(file:///D:/core%20java/SeleniumCucumberProject1/./Features/Login.feature:20)

  When User click on logout link                                            # stepdefinitions.Steps.user_click_on_logout_link()
  Then Page Title should be &quot;Your store. Login&quot;                             # stepdefinitions.Steps.page_title_should_be(java.lang.String)
  And close browser                                                         # stepdefinitions.Steps.close_browser()
</system-out>
    <system-err>Starting ChromeDriver 108.0.5359.71 (1e0e3868ee06e91ad636a874420e3ca3ae3756ac-refs/branch-heads/5359@{#1016}) on port 49317
Only local connections are allowed.
Please see https://chromedriver.chromium.org/security-considerations for suggestions on keeping ChromeDriver safe.
ChromeDriver was started successfully.
Dec 27, 2022 8:04:18 AM org.openqa.selenium.remote.ProtocolHandshake createSession
INFO: Detected upstream dialect: W3C
Dec 27, 2022 8:04:18 AM org.openqa.selenium.devtools.CdpVersionFinder findNearestMatch
WARNING: Unable to find an exact match for CDP version 108, so returning the closest version found: 104
Dec 27, 2022 8:04:18 AM org.openqa.selenium.devtools.CdpVersionFinder findNearestMatch
INFO: Found CDP implementation for version 108 of 104
[1672108468.722][WARNING]: Timed out connecting to Chrome, retrying...
[1672108476.854][WARNING]: Timed out connecting to Chrome, retrying...
</system-err>
  </testcase>
  <testcase classname="Login" name="Login Data Driven #3" time="23.749">
    <failure type="java.lang.AssertionError">java.lang.AssertionError
	at org.junit.Assert.fail(Assert.java:87)
	at org.junit.Assert.assertTrue(Assert.java:42)
	at org.junit.Assert.assertTrue(Assert.java:53)
	at stepdefinitions.Steps.page_title_should_be(Steps.java:97)
	at ✽.Page Title should be &quot;Dashboard / nopCommerce administration&quot;(file:///D:/core%20java/SeleniumCucumberProject1/./Features/Login.feature:20)
</failure>
    <system-out>
@regression
Scenario Outline: Login Data Driven                                         # Features/Login.feature:29
 INFO [main] (Steps.java:60)- *******Launching browser*******
  Given User Launch Chrome Browser                                          # stepdefinitions.Steps.user_launch_chrome_browser()
 INFO [main] (Steps.java:73)- *******Opening URL*******
  When User opens URL &quot;https://admin-demo.nopcommerce.com/login&quot;            # stepdefinitions.Steps.user_opens_url(java.lang.String)
 INFO [main] (Steps.java:80)- *******Providing Login details*******
  And User enters Email as &quot;admin123@yourstore.com&quot; and Password as &quot;admin&quot; # stepdefinitions.Steps.user_enters_email_as_and_password_as(java.lang.String,java.lang.String)
 INFO [main] (Steps.java:87)- *******Started login*******
  And Click on login                                                        # stepdefinitions.Steps.click_on_login()
 INFO [main] (Steps.java:96)- *******Login Failed*******
  Then Page Title should be &quot;Dashboard / nopCommerce administration&quot;        # stepdefinitions.Steps.page_title_should_be(java.lang.String)
      java.lang.AssertionError
	at org.junit.Assert.fail(Assert.java:87)
	at org.junit.Assert.assertTrue(Assert.java:42)
	at org.junit.Assert.assertTrue(Assert.java:53)
	at stepdefinitions.Steps.page_title_should_be(Steps.java:97)
	at âœ½.Page Title should be &quot;Dashboard / nopCommerce administration&quot;(file:///D:/core%20java/SeleniumCucumberProject1/./Features/Login.feature:20)

  When User click on logout link                                            # stepdefinitions.Steps.user_click_on_logout_link()
  Then Page Title should be &quot;Your store. Login&quot;                             # stepdefinitions.Steps.page_title_should_be(java.lang.String)
  And close browser                                                         # stepdefinitions.Steps.close_browser()
</system-out>
    <system-err>Starting ChromeDriver 108.0.5359.71 (1e0e3868ee06e91ad636a874420e3ca3ae3756ac-refs/branch-heads/5359@{#1016}) on port 53851
Only local connections are allowed.
Please see https://chromedriver.chromium.org/security-considerations for suggestions on keeping ChromeDriver safe.
ChromeDriver was started successfully.
Dec 27, 2022 8:04:42 AM org.openqa.selenium.remote.ProtocolHandshake createSession
INFO: Detected upstream dialect: W3C
Dec 27, 2022 8:04:42 AM org.openqa.selenium.devtools.CdpVersionFinder findNearestMatch
WARNING: Unable to find an exact match for CDP version 108, so returning the closest version found: 104
Dec 27, 2022 8:04:42 AM org.openqa.selenium.devtools.CdpVersionFinder findNearestMatch
INFO: Found CDP implementation for version 108 of 104
[1672108492.535][WARNING]: Timed out connecting to Chrome, retrying...
[1672108500.668][WARNING]: Timed out connecting to Chrome, retrying...
</system-err>
  </testcase>
  <testcase classname="Login" name="Login Data Driven #4" time="22.765">
    <failure type="java.lang.AssertionError">java.lang.AssertionError
	at org.junit.Assert.fail(Assert.java:87)
	at org.junit.Assert.assertTrue(Assert.java:42)
	at org.junit.Assert.assertTrue(Assert.java:53)
	at stepdefinitions.Steps.page_title_should_be(Steps.java:97)
	at ✽.Page Title should be &quot;Dashboard / nopCommerce administration&quot;(file:///D:/core%20java/SeleniumCucumberProject1/./Features/Login.feature:20)
</failure>
    <system-out>
@regression
Scenario Outline: Login Data Driven                                            # Features/Login.feature:30
 INFO [main] (Steps.java:60)- *******Launching browser*******
  Given User Launch Chrome Browser                                             # stepdefinitions.Steps.user_launch_chrome_browser()
 INFO [main] (Steps.java:73)- *******Opening URL*******
  When User opens URL &quot;https://admin-demo.nopcommerce.com/login&quot;               # stepdefinitions.Steps.user_opens_url(java.lang.String)
 INFO [main] (Steps.java:80)- *******Providing Login details*******
  And User enters Email as &quot;admin123@yourstore.com&quot; and Password as &quot;admin123&quot; # stepdefinitions.Steps.user_enters_email_as_and_password_as(java.lang.String,java.lang.String)
 INFO [main] (Steps.java:87)- *******Started login*******
  And Click on login                                                           # stepdefinitions.Steps.click_on_login()
 INFO [main] (Steps.java:96)- *******Login Failed*******
  Then Page Title should be &quot;Dashboard / nopCommerce administration&quot;           # stepdefinitions.Steps.page_title_should_be(java.lang.String)
      java.lang.AssertionError
	at org.junit.Assert.fail(Assert.java:87)
	at org.junit.Assert.assertTrue(Assert.java:42)
	at org.junit.Assert.assertTrue(Assert.java:53)
	at stepdefinitions.Steps.page_title_should_be(Steps.java:97)
	at âœ½.Page Title should be &quot;Dashboard / nopCommerce administration&quot;(file:///D:/core%20java/SeleniumCucumberProject1/./Features/Login.feature:20)

  When User click on logout link                                               # stepdefinitions.Steps.user_click_on_logout_link()
  Then Page Title should be &quot;Your store. Login&quot;                                # stepdefinitions.Steps.page_title_should_be(java.lang.String)
  And close browser                                                            # stepdefinitions.Steps.close_browser()
</system-out>
    <system-err>Starting ChromeDriver 108.0.5359.71 (1e0e3868ee06e91ad636a874420e3ca3ae3756ac-refs/branch-heads/5359@{#1016}) on port 51257
Only local connections are allowed.
Please see https://chromedriver.chromium.org/security-considerations for suggestions on keeping ChromeDriver safe.
ChromeDriver was started successfully.
Dec 27, 2022 8:05:06 AM org.openqa.selenium.remote.ProtocolHandshake createSession
INFO: Detected upstream dialect: W3C
Dec 27, 2022 8:05:06 AM org.openqa.selenium.devtools.CdpVersionFinder findNearestMatch
WARNING: Unable to find an exact match for CDP version 108, so returning the closest version found: 104
Dec 27, 2022 8:05:06 AM org.openqa.selenium.devtools.CdpVersionFinder findNearestMatch
INFO: Found CDP implementation for version 108 of 104
[1672108515.283][WARNING]: Timed out connecting to Chrome, retrying...
[1672108523.417][WARNING]: Timed out connecting to Chrome, retrying...
</system-err>
  </testcase>
</testsuite>